<?xml version="1.0" encoding="UTF-8"?>
<!-- Generated by org.testng.reporters.JUnitReportReporter -->
<testsuite hostname="DESKTOP-5E614SC" failures="0" tests="1" name="com.crm.vtiger.CmdValueTest" time="0.014" errors="0" timestamp="2022-03-23T12:33:33 IST" skipped="0">
  <testcase classname="com.crm.vtiger.CmdValueTest" name="value" time="0.014"/>
  <system-out/>
</testsuite> <!-- com.crm.vtiger.CmdValueTest -->
